Flow report for sistem
Sun Jan 08 21:21:09 2023
Quartus Prime Version 20.1.1 Build 720 11/11/2020 Patches 1.02i SJ Lite Edition


---------------------
; Table of Contents ;
---------------------
  1. Legal Notice
  2. Flow Summary
  3. Flow Settings
  4. Flow Non-Default Global Settings
  5. Flow Elapsed Time
  6. Flow OS Summary
  7. Flow Log
  8. Flow Messages
  9. Flow Suppressed Messages



----------------
; Legal Notice ;
----------------
Copyright (C) 2020  Intel Corporation. All rights reserved.
Your use of Intel Corporation's design tools, logic functions 
and other software and tools, and any partner logic 
functions, and any output files from any of the foregoing 
(including device programming or simulation files), and any 
associated documentation or information are expressly subject 
to the terms and conditions of the Intel Program License 
Subscription Agreement, the Intel Quartus Prime License Agreement,
the Intel FPGA IP License Agreement, or other applicable license
agreement, including, without limitation, that your use is for
the sole purpose of programming logic devices manufactured by
Intel and sold by Intel or its authorized distributors.  Please
refer to the applicable agreement for further details, at
https://fpgasoftware.intel.com/eula.



+------------------------------------------------------------------------------------------------+
; Flow Summary                                                                                   ;
+------------------------------------+-----------------------------------------------------------+
; Flow Status                        ; Successful - Sun Jan 08 21:21:09 2023                     ;
; Quartus Prime Version              ; 20.1.1 Build 720 11/11/2020 Patches 1.02i SJ Lite Edition ;
; Revision Name                      ; sistem                                                    ;
; Top-level Entity Name              ; sistem                                                    ;
; Family                             ; Cyclone IV E                                              ;
; Device                             ; EP4CE22F17C6                                              ;
; Timing Models                      ; Final                                                     ;
; Total logic elements               ; 12,957 / 22,320 ( 58 % )                                  ;
;     Total combinational functions  ; 12,901 / 22,320 ( 58 % )                                  ;
;     Dedicated logic registers      ; 2,450 / 22,320 ( 11 % )                                   ;
; Total registers                    ; 2450                                                      ;
; Total pins                         ; 22 / 154 ( 14 % )                                         ;
; Total virtual pins                 ; 0                                                         ;
; Total memory bits                  ; 3,072 / 608,256 ( < 1 % )                                 ;
; Embedded Multiplier 9-bit elements ; 0 / 132 ( 0 % )                                           ;
; Total PLLs                         ; 0 / 4 ( 0 % )                                             ;
+------------------------------------+-----------------------------------------------------------+


+-----------------------------------------+
; Flow Settings                           ;
+-------------------+---------------------+
; Option            ; Setting             ;
+-------------------+---------------------+
; Start date & time ; 01/08/2023 21:18:22 ;
; Main task         ; Compilation         ;
; Revision Name     ; sistem              ;
+-------------------+---------------------+


+-----------------------------------------------------------------------------------------------------------------------------+
; Flow Non-Default Global Settings                                                                                            ;
+-------------------------------------+----------------------------------------+---------------+-------------+----------------+
; Assignment Name                     ; Value                                  ; Default Value ; Entity Name ; Section Id     ;
+-------------------------------------+----------------------------------------+---------------+-------------+----------------+
; COMPILER_SIGNATURE_ID               ; 91765657151.167320910228432            ; --            ; --          ; --             ;
; EDA_OUTPUT_DATA_FORMAT              ; Vhdl                                   ; --            ; --          ; eda_simulation ;
; EDA_SIMULATION_TOOL                 ; ModelSim-Altera (VHDL)                 ; <None>        ; --          ; --             ;
; MAX_CORE_JUNCTION_TEMP              ; 85                                     ; --            ; --          ; --             ;
; MIN_CORE_JUNCTION_TEMP              ; 0                                      ; --            ; --          ; --             ;
; MISC_FILE                           ; program.cmp                            ; --            ; --          ; --             ;
; NUM_PARALLEL_PROCESSORS             ; 2                                      ; --            ; --          ; --             ;
; PARTITION_COLOR                     ; -- (Not supported for targeted family) ; --            ; --          ; Top            ;
; PARTITION_FITTER_PRESERVATION_LEVEL ; -- (Not supported for targeted family) ; --            ; --          ; Top            ;
; PARTITION_NETLIST_TYPE              ; -- (Not supported for targeted family) ; --            ; --          ; Top            ;
; POWER_BOARD_THERMAL_MODEL           ; None (CONSERVATIVE)                    ; --            ; --          ; --             ;
; POWER_PRESET_COOLING_SOLUTION       ; 23 MM HEAT SINK WITH 200 LFPM AIRFLOW  ; --            ; --          ; --             ;
+-------------------------------------+----------------------------------------+---------------+-------------+----------------+


+--------------------------------------------------------------------------------------------------------------------------+
; Flow Elapsed Time                                                                                                        ;
+----------------------+--------------+-------------------------+---------------------+------------------------------------+
; Module Name          ; Elapsed Time ; Average Processors Used ; Peak Virtual Memory ; Total CPU Time (on all processors) ;
+----------------------+--------------+-------------------------+---------------------+------------------------------------+
; Analysis & Synthesis ; 00:01:42     ; 1.0                     ; 4925 MB             ; 00:02:01                           ;
; Fitter               ; 00:00:40     ; 1.1                     ; 5397 MB             ; 00:00:54                           ;
; Assembler            ; 00:00:01     ; 1.0                     ; 4710 MB             ; 00:00:02                           ;
; Timing Analyzer      ; 00:00:05     ; 1.3                     ; 4869 MB             ; 00:00:06                           ;
; EDA Netlist Writer   ; 00:00:11     ; 1.0                     ; 4762 MB             ; 00:00:11                           ;
; Total                ; 00:02:39     ; --                      ; --                  ; 00:03:14                           ;
+----------------------+--------------+-------------------------+---------------------+------------------------------------+


+------------------------------------------------------------------------------------+
; Flow OS Summary                                                                    ;
+----------------------+------------------+------------+------------+----------------+
; Module Name          ; Machine Hostname ; OS Name    ; OS Version ; Processor type ;
+----------------------+------------------+------------+------------+----------------+
; Analysis & Synthesis ; DESKTOP-AQBA3G9  ; Windows 10 ; 10.0       ; x86_64         ;
; Fitter               ; DESKTOP-AQBA3G9  ; Windows 10 ; 10.0       ; x86_64         ;
; Assembler            ; DESKTOP-AQBA3G9  ; Windows 10 ; 10.0       ; x86_64         ;
; Timing Analyzer      ; DESKTOP-AQBA3G9  ; Windows 10 ; 10.0       ; x86_64         ;
; EDA Netlist Writer   ; DESKTOP-AQBA3G9  ; Windows 10 ; 10.0       ; x86_64         ;
+----------------------+------------------+------------+------------+----------------+


------------
; Flow Log ;
------------
quartus_map --read_settings_files=on --write_settings_files=off sistem -c sistem
quartus_fit --read_settings_files=off --write_settings_files=off sistem -c sistem
quartus_asm --read_settings_files=off --write_settings_files=off sistem -c sistem
quartus_sta sistem -c sistem
quartus_eda --read_settings_files=off --write_settings_files=off sistem -c sistem



